
mincut_euclidean_knn

                precision    recall  f1-score   support
              0      0.93      0.97      0.95    865.00
              1      0.97      0.93      0.95    879.00
      micro avg      0.95      0.95      0.95   1744.00
      macro avg      0.95      0.95      0.95   1744.00
   weighted avg      0.95      0.95      0.95   1744.00

mincut_gaussian_knn

                precision    recall  f1-score   support
              0      0.93      0.96      0.94    865.00
              1      0.96      0.93      0.94    879.00
      micro avg      0.94      0.94      0.94   1744.00
      macro avg      0.94      0.94      0.94   1744.00
   weighted avg      0.95      0.94      0.94   1744.00

mincut_euclidean_mst

                precision    recall  f1-score   support
              0      0.90      0.98      0.93    865.00
              1      0.98      0.88      0.93    879.00
      micro avg      0.93      0.93      0.93   1744.00
      macro avg      0.94      0.93      0.93   1744.00
   weighted avg      0.94      0.93      0.93   1744.00

mincut_gaussian_mst

                precision    recall  f1-score   support
              0      0.90      0.98      0.93    865.00
              1      0.98      0.88      0.93    879.00
      micro avg      0.93      0.93      0.93   1744.00
      macro avg      0.94      0.93      0.93   1744.00
   weighted avg      0.94      0.93      0.93   1744.00

mincut_euclidean_knn_mst

                precision    recall  f1-score   support
              0      0.94      0.96      0.95    865.00
              1      0.96      0.94      0.95    879.00
      micro avg      0.95      0.95      0.95   1744.00
      macro avg      0.95      0.95      0.95   1744.00
   weighted avg      0.95      0.95      0.95   1744.00

mincut_gaussian_knn_mst

                precision    recall  f1-score   support
              0      0.94      0.96      0.95    865.00
              1      0.96      0.94      0.95    879.00
      micro avg      0.95      0.95      0.95   1744.00
      macro avg      0.95      0.95      0.95   1744.00
   weighted avg      0.95      0.95      0.95   1744.00

svm

                precision    recall  f1-score   support
              0      0.94      0.88      0.90    865.00
              1      0.89      0.94      0.91    879.00
      micro avg      0.91      0.91      0.91   1744.00
      macro avg      0.91      0.91      0.91   1744.00
   weighted avg      0.91      0.91      0.91   1744.00

logreg

                precision    recall  f1-score   support
              0      0.83      0.82      0.82    865.00
              1      0.83      0.83      0.83    879.00
      micro avg      0.83      0.83      0.83   1744.00
      macro avg      0.83      0.83      0.83   1744.00
   weighted avg      0.83      0.83      0.83   1744.00
