
nb

                precision    recall  f1-score   support
              0      0.82      0.72      0.67   1957.00
              1      0.79      0.69      0.66   1581.00
      macro avg      0.80      0.71      0.66   3538.00

em_random

                precision    recall  f1-score   support
              0      0.70      0.87      0.77   1957.00
              1      0.84      0.64      0.70   1581.00
      macro avg      0.77      0.76      0.74   3538.00

em_tree

                precision    recall  f1-score   support
              0      0.75      0.92      0.83   1957.00
              1      0.86      0.62      0.72   1581.00
      macro avg      0.81      0.77      0.77   3538.00

em_kmean

                precision    recall  f1-score   support
              0      0.72      0.87      0.78   1957.00
              1      0.87      0.69      0.76   1581.00
      macro avg      0.79      0.78      0.77   3538.00

nb

                precision    recall  f1-score   support
              0      0.83      0.94      0.88   1956.00
              1      0.92      0.76      0.83   1592.00
      macro avg      0.87      0.85      0.86   3548.00

em_random

                precision    recall  f1-score   support
              0      0.85      0.95      0.89   1956.00
              1      0.93      0.77      0.82   1592.00
      macro avg      0.89      0.86      0.86   3548.00

em_tree

                precision    recall  f1-score   support
              0      0.88      0.95      0.91   1956.00
              1      0.93      0.83      0.88   1592.00
      macro avg      0.90      0.89      0.89   3548.00

em_kmeans

                precision    recall  f1-score   support
              0      0.88      0.94      0.91   1956.00
              1      0.92      0.84      0.88   1592.00
      macro avg      0.90      0.89      0.89   3548.00

nb

                precision    recall  f1-score   support
              0      0.85      0.98      0.91   1957.00
              1      0.96      0.75      0.84   1301.00
      macro avg      0.91      0.86      0.88   3258.00

em_random

                precision    recall  f1-score   support
              0      0.91      0.96      0.93   1957.00
              1      0.94      0.84      0.87   1301.00
      macro avg      0.92      0.90      0.90   3258.00

em_tree

                precision    recall  f1-score   support
              0      0.92      0.97      0.94   1957.00
              1      0.95      0.87      0.91   1301.00
      macro avg      0.93      0.92      0.92   3258.00

em_kmeans

                precision    recall  f1-score   support
              0      0.92      0.96      0.94   1957.00
              1      0.94      0.87      0.91   1301.00
      macro avg      0.93      0.92      0.92   3258.00
