
graphical_tree_cosine_mst

                precision    recall  f1-score   support
              0      0.72      0.69      0.71   4744.00
              1      0.64      0.67      0.65   3834.00
      micro avg      0.68      0.68      0.68   8578.00
      macro avg      0.68      0.68      0.68   8578.00
   weighted avg      0.68      0.68      0.68   8578.00

graphical_tree_cosine_knn_mst

                precision    recall  f1-score   support
              0      0.68      0.76      0.72   4744.00
              1      0.66      0.56      0.61   3834.00
      micro avg      0.67      0.67      0.67   8578.00
      macro avg      0.67      0.66      0.67   8578.00
   weighted avg      0.67      0.67      0.67   8578.00

svm

                precision    recall  f1-score   support
              0      0.55      1.00      0.71   4744.00
              1      0.00      0.00      0.00   3834.00
      micro avg      0.55      0.55      0.55   8578.00
      macro avg      0.28      0.50      0.36   8578.00
   weighted avg      0.31      0.55      0.39   8578.00

logreg

                precision    recall  f1-score   support
              0      0.75      0.90      0.82   4744.00
              1      0.84      0.63      0.72   3834.00
      micro avg      0.78      0.78      0.78   8578.00
      macro avg      0.79      0.77      0.77   8578.00
   weighted avg      0.79      0.78      0.78   8578.00
