
graphical_tree_euclidean_mst

                precision    recall  f1-score   support
              0      0.70      0.64      0.67   1766.00
              1      0.70      0.75      0.72   1961.00
      micro avg      0.70      0.70      0.70   3727.00
      macro avg      0.70      0.70      0.70   3727.00
   weighted avg      0.70      0.70      0.70   3727.00

graphical_tree_gaussian_mst

                precision    recall  f1-score   support
              0      0.70      0.66      0.67   1766.00
              1      0.71      0.75      0.73   1961.00
      micro avg      0.70      0.70      0.70   3727.00
      macro avg      0.70      0.70      0.70   3727.00
   weighted avg      0.70      0.70      0.70   3727.00

graphical_tree_euclidean_knn_mst

                precision    recall  f1-score   support
              0      0.69      0.64      0.66   1766.00
              1      0.70      0.73      0.71   1961.00
      micro avg      0.69      0.69      0.69   3727.00
      macro avg      0.69      0.69      0.69   3727.00
   weighted avg      0.69      0.69      0.69   3727.00

graphical_tree_gaussian_knn_mst

                precision    recall  f1-score   support
              0      0.69      0.64      0.66   1766.00
              1      0.70      0.73      0.71   1961.00
      micro avg      0.69      0.69      0.69   3727.00
      macro avg      0.69      0.69      0.69   3727.00
   weighted avg      0.69      0.69      0.69   3727.00
