
nb

                precision    recall  f1-score   support
              0      0.85      0.84      0.83   1957.00
              1      0.83      0.78      0.77   1581.00
      macro avg      0.84      0.81      0.80   3538.00

em_random

                precision    recall  f1-score   support
              0      0.81      0.93      0.86   1957.00
              1      0.89      0.72      0.79   1581.00
      macro avg      0.85      0.82      0.82   3538.00

em_tree

                precision    recall  f1-score   support
              0      0.83      0.91      0.87   1957.00
              1      0.87      0.78      0.82   1581.00
      macro avg      0.85      0.84      0.85   3538.00

em_kmeans

                precision    recall  f1-score   support
              0      0.82      0.91      0.87   1957.00
              1      0.88      0.76      0.81   1581.00
      macro avg      0.85      0.84      0.84   3538.00

nb

                precision    recall  f1-score   support
              0      0.86      0.95      0.90   1956.00
              1      0.94      0.80      0.85   1592.00
      macro avg      0.90      0.87      0.88   3548.00

em_random

                precision    recall  f1-score   support
              0      0.89      0.95      0.92   1956.00
              1      0.93      0.86      0.89   1592.00
      macro avg      0.91      0.90      0.91   3548.00

em_tree

                precision    recall  f1-score   support
              0      0.89      0.95      0.92   1956.00
              1      0.93      0.86      0.89   1592.00
      macro avg      0.91      0.90      0.91   3548.00

em_kmeans

                precision    recall  f1-score   support
              0      0.89      0.95      0.92   1956.00
              1      0.93      0.86      0.89   1592.00
      macro avg      0.91      0.90      0.90   3548.00

nb

                precision    recall  f1-score   support
              0      0.93      0.96      0.94   1957.00
              1      0.94      0.88      0.91   1301.00
      macro avg      0.93      0.92      0.93   3258.00

em_random

                precision    recall  f1-score   support
              0      0.93      0.96      0.95   1957.00
              1      0.94      0.89      0.91   1301.00
      macro avg      0.93      0.93      0.93   3258.00

em_tree

                precision    recall  f1-score   support
              0      0.93      0.95      0.94   1957.00
              1      0.93      0.89      0.91   1301.00
      macro avg      0.93      0.92      0.93   3258.00

em_kmeans

                precision    recall  f1-score   support
              0      0.93      0.96      0.95   1957.00
              1      0.94      0.89      0.91   1301.00
      macro avg      0.93      0.93      0.93   3258.00
