
mincut_cosine_knn

                precision    recall  f1-score   support
              0      0.89      0.84      0.86   3424.00
              1      0.81      0.88      0.84   2785.00
      micro avg      0.85      0.85      0.85   6209.00
      macro avg      0.85      0.86      0.85   6209.00
   weighted avg      0.86      0.85      0.86   6209.00

mincut_cosine_mst

                precision    recall  f1-score   support
              0      0.86      0.80      0.83   3424.00
              1      0.77      0.84      0.81   2785.00
      micro avg      0.82      0.82      0.82   6209.00
      macro avg      0.82      0.82      0.82   6209.00
   weighted avg      0.82      0.82      0.82   6209.00

mincut_cosine_knn_mst

                precision    recall  f1-score   support
              0      0.86      0.80      0.83   3424.00
              1      0.78      0.84      0.81   2785.00
      micro avg      0.82      0.82      0.82   6209.00
      macro avg      0.82      0.82      0.82   6209.00
   weighted avg      0.82      0.82      0.82   6209.00

svm

                precision    recall  f1-score   support
              0      0.90      0.90      0.90   3424.00
              1      0.87      0.88      0.88   2785.00
      micro avg      0.89      0.89      0.89   6209.00
      macro avg      0.89      0.89      0.89   6209.00
   weighted avg      0.89      0.89      0.89   6209.00

logreg

                precision    recall  f1-score   support
              0      0.92      0.89      0.90   3424.00
              1      0.87      0.90      0.89   2785.00
      micro avg      0.90      0.90      0.90   6209.00
      macro avg      0.89      0.90      0.90   6209.00
   weighted avg      0.90      0.90      0.90   6209.00
