
mincut_cosine_knn

                precision    recall  f1-score   support
              0      0.56      0.97      0.71   4744.00
              1      0.59      0.06      0.11   3860.00
      micro avg      0.56      0.56      0.56   8604.00
      macro avg      0.57      0.51      0.41   8604.00
   weighted avg      0.57      0.56      0.44   8604.00

mincut_cosine_mst

                precision    recall  f1-score   support
              0      0.80      0.77      0.79   4744.00
              1      0.73      0.77      0.75   3860.00
      micro avg      0.77      0.77      0.77   8604.00
      macro avg      0.77      0.77      0.77   8604.00
   weighted avg      0.77      0.77      0.77   8604.00

mincut_cosine_knn_mst

                precision    recall  f1-score   support
              0      0.81      0.79      0.80   4744.00
              1      0.75      0.78      0.76   3860.00
      micro avg      0.78      0.78      0.78   8604.00
      macro avg      0.78      0.78      0.78   8604.00
   weighted avg      0.78      0.78      0.78   8604.00

svm

                precision    recall  f1-score   support
              0      0.55      1.00      0.71   4744.00
              1      1.00      0.01      0.01   3860.00
      micro avg      0.55      0.55      0.55   8604.00
      macro avg      0.78      0.50      0.36   8604.00
   weighted avg      0.75      0.55      0.40   8604.00

logreg

                precision    recall  f1-score   support
              0      0.82      0.93      0.87   4744.00
              1      0.90      0.74      0.81   3860.00
      micro avg      0.85      0.85      0.85   8604.00
      macro avg      0.86      0.84      0.84   8604.00
   weighted avg      0.85      0.85      0.84   8604.00
