
mincut_cosine_knn

                precision    recall  f1-score   support
              0      0.56      0.97      0.71   4744.00
              1      0.61      0.07      0.12   3834.00
      micro avg      0.56      0.56      0.56   8578.00
      macro avg      0.59      0.52      0.41   8578.00
   weighted avg      0.58      0.56      0.45   8578.00

mincut_cosine_mst

                precision    recall  f1-score   support
              0      0.74      0.66      0.70   4744.00
              1      0.63      0.71      0.67   3834.00
      micro avg      0.68      0.68      0.68   8578.00
      macro avg      0.68      0.69      0.68   8578.00
   weighted avg      0.69      0.68      0.68   8578.00

mincut_cosine_knn_mst

                precision    recall  f1-score   support
              0      0.70      0.73      0.71   4744.00
              1      0.65      0.61      0.63   3834.00
      micro avg      0.68      0.68      0.68   8578.00
      macro avg      0.67      0.67      0.67   8578.00
   weighted avg      0.68      0.68      0.68   8578.00

svm

                precision    recall  f1-score   support
              0      0.55      1.00      0.71   4744.00
              1      0.00      0.00      0.00   3834.00
      micro avg      0.55      0.55      0.55   8578.00
      macro avg      0.28      0.50      0.36   8578.00
   weighted avg      0.31      0.55      0.39   8578.00

logreg

                precision    recall  f1-score   support
              0      0.75      0.90      0.82   4744.00
              1      0.84      0.63      0.72   3834.00
      micro avg      0.78      0.78      0.78   8578.00
      macro avg      0.79      0.77      0.77   8578.00
   weighted avg      0.79      0.78      0.78   8578.00
